<?xml version="1.0" encoding="UTF-8"?>
<!-- Generated by org.testng.reporters.JUnitXMLReporter -->
<testsuite ignored="0" hostname="LAPTOP-JD2QOGDD" failures="0" tests="5" name="Test" time="47.291" errors="0" timestamp="2021-06-17T14:37:47 IST">
  <testcase classname="testcases.LoginTestCase" name="facebooklogintest" time="32.9"/>
  <testcase classname="testcases.LoginTestCase" name="qaAccademyLogin" time="14.264"/>
  <testcase classname="testcases.LoginTestCase" name="testfordataprovider" time="0.002"/>
  <testcase classname="testcases.LoginTestCase" name="testfordataprovider" time="0.002"/>
  <testcase classname="testcases.LoginTestCase" name="testfordataprovider" time="0.002"/>
</testsuite> <!-- Test -->
