<?xml version="1.0" encoding="UTF-8"?>
<testng-results ignored="0" total="5" passed="5" failed="0" skipped="0">
  <reporter-output>
  </reporter-output>
  <suite started-at="2021-06-17T14:36:59 IST" name="Suite" finished-at="2021-06-17T14:37:47 IST" duration-ms="47291">
    <groups>
    </groups>
    <test started-at="2021-06-17T14:36:59 IST" name="Test" finished-at="2021-06-17T14:37:47 IST" duration-ms="47291">
      <class name="testcases.LoginTestCase">
        <test-method signature="facebooklogintest()[pri:0, instance:testcases.LoginTestCase@6b8ca3c8]" started-at="2021-06-17T14:37:00 IST" name="facebooklogintest" finished-at="2021-06-17T14:37:32 IST" duration-ms="32900" status="PASS">
          <reporter-output>
          </reporter-output>
        </test-method> <!-- facebooklogintest -->
        <test-method signature="qaAccademyLogin()[pri:0, instance:testcases.LoginTestCase@6b8ca3c8]" started-at="2021-06-17T14:37:32 IST" name="qaAccademyLogin" finished-at="2021-06-17T14:37:47 IST" duration-ms="14264" status="PASS">
          <reporter-output>
          </reporter-output>
        </test-method> <!-- qaAccademyLogin -->
        <test-method signature="testfordataprovider(java.lang.String, java.lang.String)[pri:0, instance:testcases.LoginTestCase@6b8ca3c8]" started-at="2021-06-17T14:37:47 IST" name="testfordataprovider" data-provider="logintest Data" finished-at="2021-06-17T14:37:47 IST" duration-ms="2" status="PASS">
          <params>
            <param index="0">
              <value>
                <![CDATA[eswar@gmail.com]]>
              </value>
            </param>
            <param index="1">
              <value>
                <![CDATA[eswarreddy]]>
              </value>
            </param>
          </params>
          <reporter-output>
          </reporter-output>
        </test-method> <!-- testfordataprovider -->
        <test-method signature="testfordataprovider(java.lang.String, java.lang.String)[pri:0, instance:testcases.LoginTestCase@6b8ca3c8]" started-at="2021-06-17T14:37:47 IST" name="testfordataprovider" data-provider="logintest Data" finished-at="2021-06-17T14:37:47 IST" duration-ms="2" status="PASS">
          <params>
            <param index="0">
              <value>
                <![CDATA[eswar1@gmail.com]]>
              </value>
            </param>
            <param index="1">
              <value>
                <![CDATA[eswarreddy]]>
              </value>
            </param>
          </params>
          <reporter-output>
          </reporter-output>
        </test-method> <!-- testfordataprovider -->
        <test-method signature="testfordataprovider(java.lang.String, java.lang.String)[pri:0, instance:testcases.LoginTestCase@6b8ca3c8]" started-at="2021-06-17T14:37:47 IST" name="testfordataprovider" data-provider="logintest Data" finished-at="2021-06-17T14:37:47 IST" duration-ms="2" status="PASS">
          <params>
            <param index="0">
              <value>
                <![CDATA[eswar2@gmail.com]]>
              </value>
            </param>
            <param index="1">
              <value>
                <![CDATA[eswarreddy]]>
              </value>
            </param>
          </params>
          <reporter-output>
          </reporter-output>
        </test-method> <!-- testfordataprovider -->
      </class> <!-- testcases.LoginTestCase -->
    </test> <!-- Test -->
  </suite> <!-- Suite -->
</testng-results>
